<?xml version="1.0" encoding="UTF-8"?>
<!-- Generated by org.testng.reporters.JUnitXMLReporter -->
<testsuite ignored="0" hostname="LAPTOP-LDTPQ8CD" failures="0" tests="4" name="Test" time="41.518" errors="0" timestamp="2022-03-12T12:58:28 IST">
  <testcase classname="testcases.LoginTest" name="ExternalDataTest" time="6.829"/>
  <testcase classname="testcases.LoginTest" name="LoginFailiureTest" time="7.298"/>
  <testcase classname="testcases.LoginTest" name="LoginSucessTest" time="6.647"/>
  <testcase classname="testcases.LoginTest" name="ParameterizedTest" time="5.605"/>
</testsuite> <!-- Test -->
