<?xml version="1.0" encoding="UTF-8"?>
<!-- Generated by org.testng.reporters.JUnitXMLReporter -->
<testsuite ignored="0" hostname="LAPTOP-LDTPQ8CD" failures="0" tests="4" name="Test" time="38.73" errors="0" timestamp="2022-03-13T09:46:19 IST">
  <testcase classname="testcases.LoginTest" name="ExternalDataTest" time="5.429"/>
  <testcase classname="testcases.LoginTest" name="LoginFailiureTest" time="7.43"/>
  <testcase classname="testcases.LoginTest" name="LoginSucessTest" time="6.562"/>
  <testcase classname="testcases.LoginTest" name="ParameterizedTest" time="6.394"/>
</testsuite> <!-- Test -->
