<?xml version="1.0" encoding="UTF-8"?>
<!-- Generated by org.testng.reporters.JUnitXMLReporter -->
<testsuite ignored="0" hostname="LAPTOP-LDTPQ8CD" failures="0" tests="4" name="Test" time="43.351" errors="0" timestamp="2022-03-19T09:50:24 IST">
  <testcase classname="testcases.LoginTest" name="ExternalDataTest" time="5.978"/>
  <testcase classname="testcases.LoginTest" name="LoginFailiureTest" time="6.891"/>
  <testcase classname="testcases.LoginTest" name="LoginSucessTest" time="9.657"/>
  <testcase classname="testcases.LoginTest" name="ParameterizedTest" time="7.698"/>
</testsuite> <!-- Test -->
