<?xml version="1.0" encoding="UTF-8"?>
<testng-results ignored="0" total="4" passed="4" failed="0" skipped="0">
  <reporter-output>
  </reporter-output>
  <suite started-at="2022-03-13T10:26:25 IST" name="Suite" finished-at="2022-03-13T10:27:07 IST" duration-ms="42180">
    <groups>
    </groups>
    <test started-at="2022-03-13T10:26:25 IST" name="Test" finished-at="2022-03-13T10:27:07 IST" duration-ms="42180">
      <class name="testcases.LoginTest">
        <test-method is-config="true" signature="DataSetUP()[pri:0, instance:testcases.LoginTest@6bedbc4d]" started-at="2022-03-13T10:26:25 IST" name="DataSetUP" finished-at="2022-03-13T10:26:26 IST" duration-ms="634" status="PASS">
          <reporter-output>
          </reporter-output>
        </test-method> <!-- DataSetUP -->
        <test-method is-config="true" signature="setup(java.lang.reflect.Method)[pri:0, instance:testcases.LoginTest@6bedbc4d]" started-at="2022-03-13T10:26:26 IST" name="setup" finished-at="2022-03-13T10:26:29 IST" duration-ms="2863" status="PASS">
          <params>
            <param index="0">
              <value>
                <![CDATA[public void testcases.LoginTest.ExternalDataTest()]]>
              </value>
            </param>
          </params>
          <reporter-output>
          </reporter-output>
        </test-method> <!-- setup -->
        <test-method signature="ExternalDataTest()[pri:0, instance:testcases.LoginTest@6bedbc4d]" started-at="2022-03-13T10:26:29 IST" name="ExternalDataTest" finished-at="2022-03-13T10:26:37 IST" duration-ms="8071" status="PASS">
          <reporter-output>
          </reporter-output>
        </test-method> <!-- ExternalDataTest -->
        <test-method is-config="true" signature="teardown()[pri:0, instance:testcases.LoginTest@6bedbc4d]" started-at="2022-03-13T10:26:37 IST" name="teardown" finished-at="2022-03-13T10:26:38 IST" duration-ms="697" status="PASS">
          <reporter-output>
          </reporter-output>
        </test-method> <!-- teardown -->
        <test-method is-config="true" signature="setup(java.lang.reflect.Method)[pri:0, instance:testcases.LoginTest@6bedbc4d]" started-at="2022-03-13T10:26:38 IST" name="setup" finished-at="2022-03-13T10:26:40 IST" duration-ms="2215" status="PASS">
          <params>
            <param index="0">
              <value>
                <![CDATA[public void testcases.LoginTest.LoginFailiureTest()]]>
              </value>
            </param>
          </params>
          <reporter-output>
          </reporter-output>
        </test-method> <!-- setup -->
        <test-method signature="LoginFailiureTest()[pri:0, instance:testcases.LoginTest@6bedbc4d]" started-at="2022-03-13T10:26:40 IST" name="LoginFailiureTest" finished-at="2022-03-13T10:26:47 IST" duration-ms="7469" status="PASS">
          <reporter-output>
          </reporter-output>
        </test-method> <!-- LoginFailiureTest -->
        <test-method is-config="true" signature="teardown()[pri:0, instance:testcases.LoginTest@6bedbc4d]" started-at="2022-03-13T10:26:47 IST" name="teardown" finished-at="2022-03-13T10:26:48 IST" duration-ms="648" status="PASS">
          <reporter-output>
          </reporter-output>
        </test-method> <!-- teardown -->
        <test-method is-config="true" signature="setup(java.lang.reflect.Method)[pri:0, instance:testcases.LoginTest@6bedbc4d]" started-at="2022-03-13T10:26:48 IST" name="setup" finished-at="2022-03-13T10:26:50 IST" duration-ms="2260" status="PASS">
          <params>
            <param index="0">
              <value>
                <![CDATA[public void testcases.LoginTest.LoginSucessTest()]]>
              </value>
            </param>
          </params>
          <reporter-output>
          </reporter-output>
        </test-method> <!-- setup -->
        <test-method signature="LoginSucessTest()[pri:0, instance:testcases.LoginTest@6bedbc4d]" started-at="2022-03-13T10:26:50 IST" name="LoginSucessTest" finished-at="2022-03-13T10:26:57 IST" duration-ms="6616" status="PASS">
          <reporter-output>
          </reporter-output>
        </test-method> <!-- LoginSucessTest -->
        <test-method is-config="true" signature="teardown()[pri:0, instance:testcases.LoginTest@6bedbc4d]" started-at="2022-03-13T10:26:57 IST" name="teardown" finished-at="2022-03-13T10:26:57 IST" duration-ms="684" status="PASS">
          <reporter-output>
          </reporter-output>
        </test-method> <!-- teardown -->
        <test-method is-config="true" signature="setup(java.lang.reflect.Method)[pri:0, instance:testcases.LoginTest@6bedbc4d]" started-at="2022-03-13T10:26:57 IST" name="setup" finished-at="2022-03-13T10:27:00 IST" duration-ms="2251" status="PASS">
          <params>
            <param index="0">
              <value>
                <![CDATA[public void testcases.LoginTest.ParameterizedTest(java.lang.String,java.lang.String)]]>
              </value>
            </param>
          </params>
          <reporter-output>
          </reporter-output>
        </test-method> <!-- setup -->
        <test-method signature="ParameterizedTest(java.lang.String,java.lang.String)[pri:0, instance:testcases.LoginTest@6bedbc4d]" started-at="2022-03-13T10:27:00 IST" name="ParameterizedTest" finished-at="2022-03-13T10:27:07 IST" duration-ms="6857" status="PASS">
          <params>
            <param index="0">
              <value>
                <![CDATA[abcd@gmail.com]]>
              </value>
            </param>
            <param index="1">
              <value>
                <![CDATA[Abc@1234567]]>
              </value>
            </param>
          </params>
          <reporter-output>
          </reporter-output>
        </test-method> <!-- ParameterizedTest -->
        <test-method is-config="true" signature="teardown()[pri:0, instance:testcases.LoginTest@6bedbc4d]" started-at="2022-03-13T10:27:07 IST" name="teardown" finished-at="2022-03-13T10:27:07 IST" duration-ms="681" status="PASS">
          <reporter-output>
          </reporter-output>
        </test-method> <!-- teardown -->
        <test-method is-config="true" signature="DataTearDown()[pri:0, instance:testcases.LoginTest@6bedbc4d]" started-at="2022-03-13T10:27:07 IST" name="DataTearDown" finished-at="2022-03-13T10:27:07 IST" duration-ms="204" status="PASS">
          <reporter-output>
          </reporter-output>
        </test-method> <!-- DataTearDown -->
      </class> <!-- testcases.LoginTest -->
    </test> <!-- Test -->
  </suite> <!-- Suite -->
</testng-results>
