<?xml version="1.0" encoding="UTF-8"?>
<testng-results ignored="0" total="4" passed="4" failed="0" skipped="0">
  <reporter-output>
  </reporter-output>
  <suite started-at="2022-03-19T09:49:41 IST" name="Suite" finished-at="2022-03-19T09:50:24 IST" duration-ms="43351">
    <groups>
    </groups>
    <test started-at="2022-03-19T09:49:41 IST" name="Test" finished-at="2022-03-19T09:50:24 IST" duration-ms="43351">
      <class name="testcases.LoginTest">
        <test-method is-config="true" signature="DataSetUP()[pri:0, instance:testcases.LoginTest@6bedbc4d]" started-at="2022-03-19T09:49:41 IST" name="DataSetUP" finished-at="2022-03-19T09:49:42 IST" duration-ms="619" status="PASS">
          <reporter-output>
          </reporter-output>
        </test-method> <!-- DataSetUP -->
        <test-method is-config="true" signature="setup(java.lang.reflect.Method)[pri:0, instance:testcases.LoginTest@6bedbc4d]" started-at="2022-03-19T09:49:42 IST" name="setup" finished-at="2022-03-19T09:49:44 IST" duration-ms="2856" status="PASS">
          <params>
            <param index="0">
              <value>
                <![CDATA[public void testcases.LoginTest.ExternalDataTest()]]>
              </value>
            </param>
          </params>
          <reporter-output>
          </reporter-output>
        </test-method> <!-- setup -->
        <test-method signature="ExternalDataTest()[pri:0, instance:testcases.LoginTest@6bedbc4d]" started-at="2022-03-19T09:49:44 IST" name="ExternalDataTest" finished-at="2022-03-19T09:49:50 IST" duration-ms="5978" status="PASS">
          <reporter-output>
          </reporter-output>
        </test-method> <!-- ExternalDataTest -->
        <test-method is-config="true" signature="teardown()[pri:0, instance:testcases.LoginTest@6bedbc4d]" started-at="2022-03-19T09:49:50 IST" name="teardown" finished-at="2022-03-19T09:49:51 IST" duration-ms="656" status="PASS">
          <reporter-output>
          </reporter-output>
        </test-method> <!-- teardown -->
        <test-method is-config="true" signature="setup(java.lang.reflect.Method)[pri:0, instance:testcases.LoginTest@6bedbc4d]" started-at="2022-03-19T09:49:51 IST" name="setup" finished-at="2022-03-19T09:49:53 IST" duration-ms="2227" status="PASS">
          <params>
            <param index="0">
              <value>
                <![CDATA[public void testcases.LoginTest.LoginFailiureTest()]]>
              </value>
            </param>
          </params>
          <reporter-output>
          </reporter-output>
        </test-method> <!-- setup -->
        <test-method signature="LoginFailiureTest()[pri:0, instance:testcases.LoginTest@6bedbc4d]" started-at="2022-03-19T09:49:53 IST" name="LoginFailiureTest" finished-at="2022-03-19T09:50:00 IST" duration-ms="6891" status="PASS">
          <reporter-output>
          </reporter-output>
        </test-method> <!-- LoginFailiureTest -->
        <test-method is-config="true" signature="teardown()[pri:0, instance:testcases.LoginTest@6bedbc4d]" started-at="2022-03-19T09:50:00 IST" name="teardown" finished-at="2022-03-19T09:50:01 IST" duration-ms="658" status="PASS">
          <reporter-output>
          </reporter-output>
        </test-method> <!-- teardown -->
        <test-method is-config="true" signature="setup(java.lang.reflect.Method)[pri:0, instance:testcases.LoginTest@6bedbc4d]" started-at="2022-03-19T09:50:01 IST" name="setup" finished-at="2022-03-19T09:50:03 IST" duration-ms="2283" status="PASS">
          <params>
            <param index="0">
              <value>
                <![CDATA[public void testcases.LoginTest.LoginSucessTest()]]>
              </value>
            </param>
          </params>
          <reporter-output>
          </reporter-output>
        </test-method> <!-- setup -->
        <test-method signature="LoginSucessTest()[pri:0, instance:testcases.LoginTest@6bedbc4d]" started-at="2022-03-19T09:50:03 IST" name="LoginSucessTest" finished-at="2022-03-19T09:50:13 IST" duration-ms="9657" status="PASS">
          <reporter-output>
          </reporter-output>
        </test-method> <!-- LoginSucessTest -->
        <test-method is-config="true" signature="teardown()[pri:0, instance:testcases.LoginTest@6bedbc4d]" started-at="2022-03-19T09:50:13 IST" name="teardown" finished-at="2022-03-19T09:50:13 IST" duration-ms="664" status="PASS">
          <reporter-output>
          </reporter-output>
        </test-method> <!-- teardown -->
        <test-method is-config="true" signature="setup(java.lang.reflect.Method)[pri:0, instance:testcases.LoginTest@6bedbc4d]" started-at="2022-03-19T09:50:13 IST" name="setup" finished-at="2022-03-19T09:50:16 IST" duration-ms="2323" status="PASS">
          <params>
            <param index="0">
              <value>
                <![CDATA[public void testcases.LoginTest.ParameterizedTest(java.lang.String,java.lang.String)]]>
              </value>
            </param>
          </params>
          <reporter-output>
          </reporter-output>
        </test-method> <!-- setup -->
        <test-method signature="ParameterizedTest(java.lang.String,java.lang.String)[pri:0, instance:testcases.LoginTest@6bedbc4d]" started-at="2022-03-19T09:50:16 IST" name="ParameterizedTest" finished-at="2022-03-19T09:50:23 IST" duration-ms="7698" status="PASS">
          <params>
            <param index="0">
              <value>
                <![CDATA[abcd@gmail.com]]>
              </value>
            </param>
            <param index="1">
              <value>
                <![CDATA[Abc@1234567]]>
              </value>
            </param>
          </params>
          <reporter-output>
          </reporter-output>
        </test-method> <!-- ParameterizedTest -->
        <test-method is-config="true" signature="teardown()[pri:0, instance:testcases.LoginTest@6bedbc4d]" started-at="2022-03-19T09:50:24 IST" name="teardown" finished-at="2022-03-19T09:50:24 IST" duration-ms="628" status="PASS">
          <reporter-output>
          </reporter-output>
        </test-method> <!-- teardown -->
        <test-method is-config="true" signature="DataTearDown()[pri:0, instance:testcases.LoginTest@6bedbc4d]" started-at="2022-03-19T09:50:24 IST" name="DataTearDown" finished-at="2022-03-19T09:50:24 IST" duration-ms="179" status="PASS">
          <reporter-output>
          </reporter-output>
        </test-method> <!-- DataTearDown -->
      </class> <!-- testcases.LoginTest -->
    </test> <!-- Test -->
  </suite> <!-- Suite -->
</testng-results>
