<?xml version="1.0" encoding="UTF-8"?>
<testng-results ignored="0" total="4" passed="4" failed="0" skipped="0">
  <reporter-output>
  </reporter-output>
  <suite started-at="2022-03-12T12:57:47 IST" name="Suite" finished-at="2022-03-12T12:58:28 IST" duration-ms="41518">
    <groups>
    </groups>
    <test started-at="2022-03-12T12:57:47 IST" name="Test" finished-at="2022-03-12T12:58:28 IST" duration-ms="41518">
      <class name="testcases.LoginTest">
        <test-method is-config="true" signature="DataSetUP()[pri:0, instance:testcases.LoginTest@f736069]" started-at="2022-03-12T12:57:47 IST" name="DataSetUP" finished-at="2022-03-12T12:57:48 IST" duration-ms="869" status="PASS">
          <reporter-output>
          </reporter-output>
        </test-method> <!-- DataSetUP -->
        <test-method is-config="true" signature="setup()[pri:0, instance:testcases.LoginTest@f736069]" started-at="2022-03-12T12:57:48 IST" name="setup" finished-at="2022-03-12T12:57:51 IST" duration-ms="3318" status="PASS">
          <reporter-output>
          </reporter-output>
        </test-method> <!-- setup -->
        <test-method signature="ExternalDataTest()[pri:0, instance:testcases.LoginTest@f736069]" started-at="2022-03-12T12:57:51 IST" name="ExternalDataTest" finished-at="2022-03-12T12:57:58 IST" duration-ms="6829" status="PASS">
          <reporter-output>
          </reporter-output>
        </test-method> <!-- ExternalDataTest -->
        <test-method is-config="true" signature="teardown()[pri:0, instance:testcases.LoginTest@f736069]" started-at="2022-03-12T12:57:58 IST" name="teardown" finished-at="2022-03-12T12:57:59 IST" duration-ms="677" status="PASS">
          <reporter-output>
          </reporter-output>
        </test-method> <!-- teardown -->
        <test-method is-config="true" signature="setup()[pri:0, instance:testcases.LoginTest@f736069]" started-at="2022-03-12T12:57:59 IST" name="setup" finished-at="2022-03-12T12:58:01 IST" duration-ms="2695" status="PASS">
          <reporter-output>
          </reporter-output>
        </test-method> <!-- setup -->
        <test-method signature="LoginFailiureTest()[pri:0, instance:testcases.LoginTest@f736069]" started-at="2022-03-12T12:58:01 IST" name="LoginFailiureTest" finished-at="2022-03-12T12:58:09 IST" duration-ms="7298" status="PASS">
          <reporter-output>
          </reporter-output>
        </test-method> <!-- LoginFailiureTest -->
        <test-method is-config="true" signature="teardown()[pri:0, instance:testcases.LoginTest@f736069]" started-at="2022-03-12T12:58:09 IST" name="teardown" finished-at="2022-03-12T12:58:09 IST" duration-ms="693" status="PASS">
          <reporter-output>
          </reporter-output>
        </test-method> <!-- teardown -->
        <test-method is-config="true" signature="setup()[pri:0, instance:testcases.LoginTest@f736069]" started-at="2022-03-12T12:58:09 IST" name="setup" finished-at="2022-03-12T12:58:12 IST" duration-ms="2588" status="PASS">
          <reporter-output>
          </reporter-output>
        </test-method> <!-- setup -->
        <test-method signature="LoginSucessTest()[pri:0, instance:testcases.LoginTest@f736069]" started-at="2022-03-12T12:58:12 IST" name="LoginSucessTest" finished-at="2022-03-12T12:58:19 IST" duration-ms="6647" status="PASS">
          <reporter-output>
          </reporter-output>
        </test-method> <!-- LoginSucessTest -->
        <test-method is-config="true" signature="teardown()[pri:0, instance:testcases.LoginTest@f736069]" started-at="2022-03-12T12:58:19 IST" name="teardown" finished-at="2022-03-12T12:58:19 IST" duration-ms="683" status="PASS">
          <reporter-output>
          </reporter-output>
        </test-method> <!-- teardown -->
        <test-method is-config="true" signature="setup()[pri:0, instance:testcases.LoginTest@f736069]" started-at="2022-03-12T12:58:19 IST" name="setup" finished-at="2022-03-12T12:58:22 IST" duration-ms="2594" status="PASS">
          <reporter-output>
          </reporter-output>
        </test-method> <!-- setup -->
        <test-method signature="ParameterizedTest(java.lang.String,java.lang.String)[pri:0, instance:testcases.LoginTest@f736069]" started-at="2022-03-12T12:58:22 IST" name="ParameterizedTest" finished-at="2022-03-12T12:58:27 IST" duration-ms="5605" status="PASS">
          <params>
            <param index="0">
              <value>
                <![CDATA[abcd@gmail.com]]>
              </value>
            </param>
            <param index="1">
              <value>
                <![CDATA[Abc@1234567]]>
              </value>
            </param>
          </params>
          <reporter-output>
          </reporter-output>
        </test-method> <!-- ParameterizedTest -->
        <test-method is-config="true" signature="teardown()[pri:0, instance:testcases.LoginTest@f736069]" started-at="2022-03-12T12:58:27 IST" name="teardown" finished-at="2022-03-12T12:58:28 IST" duration-ms="683" status="PASS">
          <reporter-output>
          </reporter-output>
        </test-method> <!-- teardown -->
        <test-method is-config="true" signature="DataTearDown()[pri:0, instance:testcases.LoginTest@f736069]" started-at="2022-03-12T12:58:28 IST" name="DataTearDown" finished-at="2022-03-12T12:58:28 IST" duration-ms="288" status="PASS">
          <reporter-output>
          </reporter-output>
        </test-method> <!-- DataTearDown -->
      </class> <!-- testcases.LoginTest -->
    </test> <!-- Test -->
  </suite> <!-- Suite -->
</testng-results>
