<?xml version="1.0" encoding="UTF-8"?>
<testng-results ignored="0" total="4" passed="4" failed="0" skipped="0">
  <reporter-output>
  </reporter-output>
  <suite started-at="2022-03-13T09:45:40 IST" name="Suite" finished-at="2022-03-13T09:46:19 IST" duration-ms="38730">
    <groups>
    </groups>
    <test started-at="2022-03-13T09:45:40 IST" name="Test" finished-at="2022-03-13T09:46:19 IST" duration-ms="38730">
      <class name="testcases.LoginTest">
        <test-method is-config="true" signature="DataSetUP()[pri:0, instance:testcases.LoginTest@f736069]" started-at="2022-03-13T09:45:40 IST" name="DataSetUP" finished-at="2022-03-13T09:45:41 IST" duration-ms="488" status="PASS">
          <reporter-output>
          </reporter-output>
        </test-method> <!-- DataSetUP -->
        <test-method is-config="true" signature="setup(java.lang.reflect.Method)[pri:0, instance:testcases.LoginTest@f736069]" started-at="2022-03-13T09:45:41 IST" name="setup" finished-at="2022-03-13T09:45:43 IST" duration-ms="2660" status="PASS">
          <params>
            <param index="0">
              <value>
                <![CDATA[public void testcases.LoginTest.ExternalDataTest()]]>
              </value>
            </param>
          </params>
          <reporter-output>
          </reporter-output>
        </test-method> <!-- setup -->
        <test-method signature="ExternalDataTest()[pri:0, instance:testcases.LoginTest@f736069]" started-at="2022-03-13T09:45:43 IST" name="ExternalDataTest" finished-at="2022-03-13T09:45:49 IST" duration-ms="5429" status="PASS">
          <reporter-output>
          </reporter-output>
        </test-method> <!-- ExternalDataTest -->
        <test-method is-config="true" signature="teardown()[pri:0, instance:testcases.LoginTest@f736069]" started-at="2022-03-13T09:45:49 IST" name="teardown" finished-at="2022-03-13T09:45:49 IST" duration-ms="647" status="PASS">
          <reporter-output>
          </reporter-output>
        </test-method> <!-- teardown -->
        <test-method is-config="true" signature="setup(java.lang.reflect.Method)[pri:0, instance:testcases.LoginTest@f736069]" started-at="2022-03-13T09:45:49 IST" name="setup" finished-at="2022-03-13T09:45:52 IST" duration-ms="2361" status="PASS">
          <params>
            <param index="0">
              <value>
                <![CDATA[public void testcases.LoginTest.LoginFailiureTest()]]>
              </value>
            </param>
          </params>
          <reporter-output>
          </reporter-output>
        </test-method> <!-- setup -->
        <test-method signature="LoginFailiureTest()[pri:0, instance:testcases.LoginTest@f736069]" started-at="2022-03-13T09:45:52 IST" name="LoginFailiureTest" finished-at="2022-03-13T09:45:59 IST" duration-ms="7430" status="PASS">
          <reporter-output>
          </reporter-output>
        </test-method> <!-- LoginFailiureTest -->
        <test-method is-config="true" signature="teardown()[pri:0, instance:testcases.LoginTest@f736069]" started-at="2022-03-13T09:45:59 IST" name="teardown" finished-at="2022-03-13T09:46:00 IST" duration-ms="667" status="PASS">
          <reporter-output>
          </reporter-output>
        </test-method> <!-- teardown -->
        <test-method is-config="true" signature="setup(java.lang.reflect.Method)[pri:0, instance:testcases.LoginTest@f736069]" started-at="2022-03-13T09:46:00 IST" name="setup" finished-at="2022-03-13T09:46:02 IST" duration-ms="2283" status="PASS">
          <params>
            <param index="0">
              <value>
                <![CDATA[public void testcases.LoginTest.LoginSucessTest()]]>
              </value>
            </param>
          </params>
          <reporter-output>
          </reporter-output>
        </test-method> <!-- setup -->
        <test-method signature="LoginSucessTest()[pri:0, instance:testcases.LoginTest@f736069]" started-at="2022-03-13T09:46:02 IST" name="LoginSucessTest" finished-at="2022-03-13T09:46:09 IST" duration-ms="6562" status="PASS">
          <reporter-output>
          </reporter-output>
        </test-method> <!-- LoginSucessTest -->
        <test-method is-config="true" signature="teardown()[pri:0, instance:testcases.LoginTest@f736069]" started-at="2022-03-13T09:46:09 IST" name="teardown" finished-at="2022-03-13T09:46:09 IST" duration-ms="664" status="PASS">
          <reporter-output>
          </reporter-output>
        </test-method> <!-- teardown -->
        <test-method is-config="true" signature="setup(java.lang.reflect.Method)[pri:0, instance:testcases.LoginTest@f736069]" started-at="2022-03-13T09:46:09 IST" name="setup" finished-at="2022-03-13T09:46:12 IST" duration-ms="2270" status="PASS">
          <params>
            <param index="0">
              <value>
                <![CDATA[public void testcases.LoginTest.ParameterizedTest(java.lang.String,java.lang.String)]]>
              </value>
            </param>
          </params>
          <reporter-output>
          </reporter-output>
        </test-method> <!-- setup -->
        <test-method signature="ParameterizedTest(java.lang.String,java.lang.String)[pri:0, instance:testcases.LoginTest@f736069]" started-at="2022-03-13T09:46:12 IST" name="ParameterizedTest" finished-at="2022-03-13T09:46:18 IST" duration-ms="6394" status="PASS">
          <params>
            <param index="0">
              <value>
                <![CDATA[abcd@gmail.com]]>
              </value>
            </param>
            <param index="1">
              <value>
                <![CDATA[Abc@1234567]]>
              </value>
            </param>
          </params>
          <reporter-output>
          </reporter-output>
        </test-method> <!-- ParameterizedTest -->
        <test-method is-config="true" signature="teardown()[pri:0, instance:testcases.LoginTest@f736069]" started-at="2022-03-13T09:46:18 IST" name="teardown" finished-at="2022-03-13T09:46:19 IST" duration-ms="661" status="PASS">
          <reporter-output>
          </reporter-output>
        </test-method> <!-- teardown -->
        <test-method is-config="true" signature="DataTearDown()[pri:0, instance:testcases.LoginTest@f736069]" started-at="2022-03-13T09:46:19 IST" name="DataTearDown" finished-at="2022-03-13T09:46:19 IST" duration-ms="184" status="PASS">
          <reporter-output>
          </reporter-output>
        </test-method> <!-- DataTearDown -->
      </class> <!-- testcases.LoginTest -->
    </test> <!-- Test -->
  </suite> <!-- Suite -->
</testng-results>
